<?xml version="1.0" encoding="UTF-8"?>
<!-- Generated by org.testng.reporters.JUnitReportReporter -->
<testsuite hostname="DESKTOP-9JESKJ1" failures="0" tests="1" name="tESTNG_Generic.TestNG_Facebook" time="24.975" errors="0" timestamp="2023-05-17T14:13:50 IST" skipped="0">
  <testcase classname="tESTNG_Generic.TestNG_Facebook" name="ligin" time="24.975"/>
  <system-out>
    <![CDATA[Log in to Facebook]]>
  </system-out>
</testsuite> <!-- tESTNG_Generic.TestNG_Facebook -->
