<?xml version="1.0" encoding="UTF-8"?>
<!-- Generated by org.testng.reporters.JUnitReportReporter -->
<testsuite hostname="DESKTOP-9JESKJ1" failures="0" tests="1" name="TESTNG_________.Test1" time="0.027" errors="0" timestamp="2023-05-12T15:09:07 IST" skipped="0">
  <testcase classname="TESTNG_________.Test1" name="data1" time="0.027"/>
  <system-out>
    <![CDATA[1]]>
  </system-out>
</testsuite> <!-- TESTNG_________.Test1 -->
