<?xml version="1.0" encoding="UTF-8"?>
<!-- Generated by org.testng.reporters.JUnitReportReporter -->
<testsuite hostname="DESKTOP-9JESKJ1" failures="0" tests="1" name="TESTNG_________.Jobclass_script1" time="57.739" errors="0" timestamp="2023-05-16T14:09:53 IST" skipped="0">
  <testcase classname="TESTNG_________.Jobclass_script1" name="login" time="57.739"/>
  <system-out/>
</testsuite> <!-- TESTNG_________.Jobclass_script1 -->
