<?xml version="1.0" encoding="UTF-8"?>
<!-- Generated by org.testng.reporters.JUnitReportReporter -->
<testsuite hostname="DESKTOP-9JESKJ1" failures="0" tests="1" name="tESTNG_Generic.LoginScript" time="102.725" errors="0" timestamp="2023-05-18T14:39:11 IST" skipped="0">
  <testcase classname="tESTNG_Generic.LoginScript" name="validLogin" time="102.725"/>
  <system-out/>
</testsuite> <!-- tESTNG_Generic.LoginScript -->
