<?xml version="1.0" encoding="UTF-8"?>
<!-- Generated by org.testng.reporters.JUnitReportReporter -->
<testsuite hostname="DESKTOP-9JESKJ1" failures="0" tests="2" name="TESTNG_________.Test2" time="0.016" errors="0" timestamp="2023-05-12T15:09:07 IST" skipped="0">
  <testcase classname="TESTNG_________.Test2" name="data3" time="0.010"/>
  <system-out>
    <![CDATA[3]]>
  </system-out>
  <testcase classname="TESTNG_________.Test2" name="data2" time="0.006"/>
  <system-out>
    <![CDATA[2]]>
  </system-out>
</testsuite> <!-- TESTNG_________.Test2 -->
